[debug] [2026-03-03T03:12:38.492Z] ----------------------------------------------------------------------
[debug] [2026-03-03T03:12:38.498Z] Command:       C:\Program Files\nodejs\node.exe C:\Users\Ali\AppData\Roaming\npm\node_modules\firebase-tools\lib\bin\firebase.js deploy --only functions
[debug] [2026-03-03T03:12:38.499Z] CLI Version:   15.8.0
[debug] [2026-03-03T03:12:38.499Z] Platform:      win32
[debug] [2026-03-03T03:12:38.499Z] Node Version:  v24.13.0
[debug] [2026-03-03T03:12:38.499Z] Time:          Tue Mar 03 2026 03:12:38 GMT+0000 (Greenwich Mean Time)
[debug] [2026-03-03T03:12:38.499Z] ----------------------------------------------------------------------
[debug] 
[debug] [2026-03-03T03:12:40.250Z] > command requires scopes: ["email","openid","https://www.googleapis.com/auth/cloudplatformprojects.readonly","https://www.googleapis.com/auth/firebase","https://www.googleapis.com/auth/cloud-platform"]
[debug] [2026-03-03T03:12:40.250Z] > authorizing via signed-in user (busfleetmanager2025@gmail.com)
[debug] [2026-03-03T03:12:40.250Z] [iam] checking project county-cars-af6d1 for permissions ["cloudfunctions.functions.create","cloudfunctions.functions.delete","cloudfunctions.functions.get","cloudfunctions.functions.list","cloudfunctions.functions.update","cloudfunctions.operations.get","firebase.projects.get"]
[debug] [2026-03-03T03:12:40.251Z] Checked if tokens are valid: false, expires at: 1772468448473
[debug] [2026-03-03T03:12:40.251Z] Checked if tokens are valid: false, expires at: 1772468448473
[debug] [2026-03-03T03:12:40.251Z] > refreshing access token with scopes: []
[debug] [2026-03-03T03:12:40.253Z] >>> [apiv2][query] POST https://www.googleapis.com/oauth2/v3/token [none]
[debug] [2026-03-03T03:12:40.253Z] >>> [apiv2][body] POST https://www.googleapis.com/oauth2/v3/token [omitted]
[debug] [2026-03-03T03:12:40.348Z] <<< [apiv2][status] POST https://www.googleapis.com/oauth2/v3/token 200
[debug] [2026-03-03T03:12:40.348Z] <<< [apiv2][body] POST https://www.googleapis.com/oauth2/v3/token [omitted]
[debug] [2026-03-03T03:12:40.354Z] >>> [apiv2][query] POST https://cloudresourcemanager.googleapis.com/v1/projects/county-cars-af6d1:testIamPermissions [none]
[debug] [2026-03-03T03:12:40.354Z] >>> [apiv2][(partial)header] POST https://cloudresourcemanager.googleapis.com/v1/projects/county-cars-af6d1:testIamPermissions  x-goog-user-project=county-cars-af6d1
[debug] [2026-03-03T03:12:40.354Z] >>> [apiv2][body] POST https://cloudresourcemanager.googleapis.com/v1/projects/county-cars-af6d1:testIamPermissions {"permissions":["cloudfunctions.functions.create","cloudfunctions.functions.delete","cloudfunctions.functions.get","cloudfunctions.functions.list","cloudfunctions.functions.update","cloudfunctions.operations.get","firebase.projects.get"]}
[debug] [2026-03-03T03:12:40.935Z] <<< [apiv2][status] POST https://cloudresourcemanager.googleapis.com/v1/projects/county-cars-af6d1:testIamPermissions 200
[debug] [2026-03-03T03:12:40.935Z] <<< [apiv2][body] POST https://cloudresourcemanager.googleapis.com/v1/projects/county-cars-af6d1:testIamPermissions {"permissions":["cloudfunctions.functions.create","cloudfunctions.functions.delete","cloudfunctions.functions.get","cloudfunctions.functions.list","cloudfunctions.functions.update","cloudfunctions.operations.get","firebase.projects.get"]}
[debug] [2026-03-03T03:12:40.935Z] Checked if tokens are valid: true, expires at: 1772511159349
[debug] [2026-03-03T03:12:40.935Z] Checked if tokens are valid: true, expires at: 1772511159349
[debug] [2026-03-03T03:12:40.936Z] >>> [apiv2][query] POST https://iam.googleapis.com/v1/projects/county-cars-af6d1/serviceAccounts/county-cars-af6d1@appspot.gserviceaccount.com:testIamPermissions [none]
[debug] [2026-03-03T03:12:40.936Z] >>> [apiv2][body] POST https://iam.googleapis.com/v1/projects/county-cars-af6d1/serviceAccounts/county-cars-af6d1@appspot.gserviceaccount.com:testIamPermissions {"permissions":["iam.serviceAccounts.actAs"]}
[debug] [2026-03-03T03:12:41.532Z] <<< [apiv2][status] POST https://iam.googleapis.com/v1/projects/county-cars-af6d1/serviceAccounts/county-cars-af6d1@appspot.gserviceaccount.com:testIamPermissions 200
[debug] [2026-03-03T03:12:41.532Z] <<< [apiv2][body] POST https://iam.googleapis.com/v1/projects/county-cars-af6d1/serviceAccounts/county-cars-af6d1@appspot.gserviceaccount.com:testIamPermissions {"permissions":["iam.serviceAccounts.actAs"]}
[info] 
[info] === Deploying to 'county-cars-af6d1'...
[info] 
[info] i  deploying functions 
[info] Running command: npm --prefix "$RESOURCE_DIR" run build
